1717950569556	geckodriver	INFO	Listening on 127.0.0.1:53958
1717950572620	mozrunner::runner	INFO	Running command: "C:\\Program Files\\Mozilla Firefox\\firefox.exe" "--marionette" "--remote-debugging-port" "53959" "--remote-allow-hosts" "localhost" "-no-remote" "-profile" "C:\\Users\\manna\\AppData\\Local\\Temp\\rust_mozprofiles6konC"
console.warn: services.settings: Ignoring preference override of remote settings server
console.warn: services.settings: Allow by setting MOZ_REMOTE_SETTINGS_DEVTOOLS=1 in the environment
Dynamically enable window occlusion 0
1717950572906	Marionette	INFO	Marionette enabled
1717950573002	Marionette	INFO	Listening on port 53966
WebDriver BiDi listening on ws://127.0.0.1:53959
Read port: 53966
1717950573145	RemoteAgent	WARN	TLS certificate errors will be ignored for this session
DevTools listening on ws://127.0.0.1:53959/devtools/browser/ce199b5e-b6ee-4d7c-b717-272414a03792
JavaScript warning: https://www2.hm.com/etc.clientlibs/settings/wcm/designs/hm/clientlibs/shared/jquery.min.js, line 2: Using //@ to indicate sourceMappingURL pragmas is deprecated. Use //# instead
JavaScript warning: https://www2.hm.com/c9CobLeyU/uXqqoe0q/1y8f7Jnu/2U/cOJEVkc9t3Ew/cUIiJF8eWA/JCFe/b0JIZ0A, line 1: unreachable code after return statement
JavaScript error: https://s1-cdn.hm.com/global/frontend/vanilla/js/common.1.1473.0-hotfix.2.js, line 2: TypeError: window.optimizelyVanillaHelpersSDKInstance is undefined
JavaScript error: https://s1-cdn.hm.com/global/frontend/vanilla/js/common.1.1473.0-hotfix.2.js, line 2: TypeError: window.optimizelyVanillaHelpersSDKInstance is undefined
JavaScript warning: https://www2.hm.com/c9CobLeyU/uXqqoe0q/1y8f7Jnu/2U/cOJEVkc9t3Ew/cUIiJF8eWA/JCFe/b0JIZ0A, line 1: WEBGL_debug_renderer_info is deprecated in Firefox and will be removed. Please use RENDERER.
JavaScript warning: https://www2.hm.com/c9CobLeyU/uXqqoe0q/1y8f7Jnu/2U/cOJEVkc9t3Ew/cUIiJF8eWA/JCFe/b0JIZ0A, line 1: unreachable code after return statement
JavaScript warning: https://www2.hm.com/c9CobLeyU/uXqqoe0q/1y8f7Jnu/2U/cOJEVkc9t3Ew/cUIiJF8eWA/JCFe/b0JIZ0A, line 1: WEBGL_debug_renderer_info is deprecated in Firefox and will be removed. Please use RENDERER.
JavaScript warning: https://www2.hm.com/c9CobLeyU/uXqqoe0q/1y8f7Jnu/2U/cOJEVkc9t3Ew/cUIiJF8eWA/JCFe/b0JIZ0A, line 1: WEBGL_debug_renderer_info is deprecated in Firefox and will be removed. Please use RENDERER.
JavaScript warning: https://www2.hm.com/c9CobLeyU/uXqqoe0q/1y8f7Jnu/2U/cOJEVkc9t3Ew/cUIiJF8eWA/JCFe/b0JIZ0A, line 1: WEBGL_debug_renderer_info is deprecated in Firefox and will be removed. Please use RENDERER.
JavaScript warning: https://www2.hm.com/c9CobLeyU/uXqqoe0q/1y8f7Jnu/2U/cOJEVkc9t3Ew/cUIiJF8eWA/JCFe/b0JIZ0A, line 1: WEBGL_debug_renderer_info is deprecated in Firefox and will be removed. Please use RENDERER.
JavaScript warning: https://www2.hm.com/c9CobLeyU/uXqqoe0q/1y8f7Jnu/2U/cOJEVkc9t3Ew/cUIiJF8eWA/JCFe/b0JIZ0A, line 1: WEBGL_debug_renderer_info is deprecated in Firefox and will be removed. Please use RENDERER.
JavaScript warning: https://s1-cdn.hm.com/global/frontend/vanilla/js/common.1.1473.0-hotfix.2.js, line 2: Script terminated by timeout at:
46773/e.prototype.debug@https://s1-cdn.hm.com/global/frontend/vanilla/js/common.1.1473.0-hotfix.2.js:2:23731
18994/e.prototype.drainQueue/n<@https://s1-cdn.hm.com/global/frontend/vanilla/js/common.1.1473.0-hotfix.2.js:2:20125
18994/e.prototype.drainQueue@https://s1-cdn.hm.com/global/frontend/vanilla/js/common.1.1473.0-hotfix.2.js:2:20095
31459/e.prototype.stop@https://s1-cdn.hm.com/global/frontend/vanilla/js/common.1.1473.0-hotfix.2.js:2:10584
18994/e.prototype.stop@https://s1-cdn.hm.com/global/frontend/vanilla/js/common.1.1473.0-hotfix.2.js:2:20470
19889/e.prototype.close@https://s1-cdn.hm.com/global/frontend/vanilla/js/common.1.1473.0-hotfix.2.js:2:92522
19889/createInstance/<@https://s1-cdn.hm.com/global/frontend/vanilla/js/common.1.1473.0-hotfix.2.js:2:100617

1717950602938	addons.xpi	ERROR	System addon update list error SyntaxError: XMLHttpRequest.open: 'http://%(server)s/dummy-system-addons.xml' is not a valid URL.
JavaScript error: https://www2.hm.com/en_us/index.html, line 13: SyntaxError: expected expression, got '&'
JavaScript warning: https://www2.hm.com/c9CobLeyU/uXqqoe0q/1y8f7Jnu/2U/cOJEVkc9t3Ew/cUIiJF8eWA/JCFe/b0JIZ0A, line 1: unreachable code after return statement
JavaScript warning: https://www2.hm.com/index/_next/static/chunks/main-ca4fd1e976e4c735.js, line 1: unreachable code after return statement
JavaScript warning: https://www2.hm.com/c9CobLeyU/uXqqoe0q/1y8f7Jnu/2U/cOJEVkc9t3Ew/cUIiJF8eWA/JCFe/b0JIZ0A, line 1: WEBGL_debug_renderer_info is deprecated in Firefox and will be removed. Please use RENDERER.
JavaScript warning: https://www2.hm.com/c9CobLeyU/uXqqoe0q/1y8f7Jnu/2U/cOJEVkc9t3Ew/cUIiJF8eWA/JCFe/b0JIZ0A, line 1: WEBGL_debug_renderer_info is deprecated in Firefox and will be removed. Please use RENDERER.
JavaScript warning: https://www2.hm.com/c9CobLeyU/uXqqoe0q/1y8f7Jnu/2U/cOJEVkc9t3Ew/cUIiJF8eWA/JCFe/b0JIZ0A, line 1: WEBGL_debug_renderer_info is deprecated in Firefox and will be removed. Please use RENDERER.
Exiting due to channel error.
Exiting due to channel error.
Exiting due to channel error.
1717950648107	geckodriver	INFO	Listening on 127.0.0.1:54046
1717950651174	mozrunner::runner	INFO	Running command: "C:\\Program Files\\Mozilla Firefox\\firefox.exe" "--marionette" "--remote-debugging-port" "54047" "--remote-allow-hosts" "localhost" "-no-remote" "-profile" "C:\\Users\\manna\\AppData\\Local\\Temp\\rust_mozprofileoO9kdG"
console.warn: services.settings: Ignoring preference override of remote settings server
console.warn: services.settings: Allow by setting MOZ_REMOTE_SETTINGS_DEVTOOLS=1 in the environment
Dynamically enable window occlusion 0
1717950651429	Marionette	INFO	Marionette enabled
1717950651486	Marionette	INFO	Listening on port 54054
WebDriver BiDi listening on ws://127.0.0.1:54047
Read port: 54054
1717950651644	RemoteAgent	WARN	TLS certificate errors will be ignored for this session
DevTools listening on ws://127.0.0.1:54047/devtools/browser/e835a295-7964-4735-adf0-4062846b5abe
1717950683718	addons.xpi	ERROR	System addon update list error SyntaxError: XMLHttpRequest.open: 'http://%(server)s/dummy-system-addons.xml' is not a valid URL.
1717950689798	Marionette	WARN	Ignoring event 'pageshow' because document has an invalid readyState of 'uninitialized'.
JavaScript warning: https://www.google.com/js/th/Zz_gY5ubwhXExvdGR0GgahBWmunikOoodAUHBnJsvag.js line 2 > eval line 2754 > eval line 1 > eval line 1 > eval, line 1: WEBGL_debug_renderer_info is deprecated in Firefox and will be removed. Please use RENDERER.
JavaScript warning: https://www.google.com/js/th/Zz_gY5ubwhXExvdGR0GgahBWmunikOoodAUHBnJsvag.js line 2 > eval line 7128 > eval line 1 > eval line 1 > eval, line 1: WEBGL_debug_renderer_info is deprecated in Firefox and will be removed. Please use RENDERER.
JavaScript warning: https://www.google.com/js/th/Zz_gY5ubwhXExvdGR0GgahBWmunikOoodAUHBnJsvag.js line 2 > eval line 1158 > eval line 1 > eval line 1 > eval, line 1: WEBGL_debug_renderer_info is deprecated in Firefox and will be removed. Please use RENDERER.
1717950790396	Marionette	INFO	Stopped listening on port 54054
Dynamically enable window occlusion 1
